{"uuid":"3120857f-3ee7-4183-a5ee-0d5981cfa701","historyId":"fedbf8c895a9a5b244e1a8ced5e77ff5","fullName":"com.thetestingacademy.ex01_18222024.Selenium01.test_selenium","labels":[{"name":"package","value":"com.thetestingacademy.ex01_18222024.Selenium01"},{"name":"testClass","value":"com.thetestingacademy.ex01_18222024.Selenium01"},{"name":"testMethod","value":"test_selenium"},{"name":"parentSuite","value":"Default Suite"},{"name":"suite","value":"LearningSeleniumATB8x"},{"name":"subSuite","value":"com.thetestingacademy.ex01_18222024.Selenium01"},{"name":"host","value":"Digambars-MacBook-Pro.local"},{"name":"thread","value":"2528@Digambars-MacBook-Pro.local.main(1)"},{"name":"framework","value":"testng"},{"name":"language","value":"java"}],"links":[],"name":"test_selenium","status":"broken","statusDetails":{"known":false,"muted":false,"flaky":false,"message":"Unable to obtain: geckodriver, error Command failed with code: 65, executed: [--browser, firefox, --language-binding, java, --output, json]\nerror sending request for url (https://github.com/mozilla/geckodriver/releases/download/v0.35.0/geckodriver-v0.35.0-macos-aarch64.tar.gz)\nBuild info: version: '4.27.0', revision: 'd6e718d134'\nSystem info: os.name: 'Mac OS X', os.arch: 'aarch64', os.version: '15.2', java.version: '23.0.1'\nDriver info: driver.version: FirefoxDriver","trace":"org.openqa.selenium.remote.NoSuchDriverException: Unable to obtain: geckodriver, error Command failed with code: 65, executed: [--browser, firefox, --language-binding, java, --output, json]\nerror sending request for url (https://github.com/mozilla/geckodriver/releases/download/v0.35.0/geckodriver-v0.35.0-macos-aarch64.tar.gz)\nBuild info: version: '4.27.0', revision: 'd6e718d134'\nSystem info: os.name: 'Mac OS X', os.arch: 'aarch64', os.version: '15.2', java.version: '23.0.1'\nDriver info: driver.version: FirefoxDriver\n\tat org.openqa.selenium.remote.service.DriverFinder.getBinaryPaths(DriverFinder.java:121)\n\tat org.openqa.selenium.remote.service.DriverFinder.getDriverPath(DriverFinder.java:55)\n\tat org.openqa.selenium.firefox.FirefoxDriver.generateExecutor(FirefoxDriver.java:141)\n\tat org.openqa.selenium.firefox.FirefoxDriver.<init>(FirefoxDriver.java:132)\n\tat org.openqa.selenium.firefox.FirefoxDriver.<init>(FirefoxDriver.java:127)\n\tat org.openqa.selenium.firefox.FirefoxDriver.<init>(FirefoxDriver.java:112)\n\tat org.openqa.selenium.firefox.FirefoxDriver.<init>(FirefoxDriver.java:102)\n\tat com.thetestingacademy.ex01_18222024.Selenium01.test_selenium(Selenium01.java:9)\n\tat java.base/jdk.internal.reflect.DirectMethodHandleAccessor.invoke(DirectMethodHandleAccessor.java:103)\n\tat java.base/java.lang.reflect.Method.invoke(Method.java:580)\n\tat org.testng.internal.invokers.MethodInvocationHelper.invokeMethod(MethodInvocationHelper.java:141)\n\tat org.testng.internal.invokers.TestInvoker.invokeMethod(TestInvoker.java:686)\n\tat org.testng.internal.invokers.TestInvoker.invokeTestMethod(TestInvoker.java:230)\n\tat org.testng.internal.invokers.MethodRunner.runInSequence(MethodRunner.java:63)\n\tat org.testng.internal.invokers.TestInvoker$MethodInvocationAgent.invoke(TestInvoker.java:992)\n\tat org.testng.internal.invokers.TestInvoker.invokeTestMethods(TestInvoker.java:203)\n\tat org.testng.internal.invokers.TestMethodWorker.invokeTestMethods(TestMethodWorker.java:154)\n\tat org.testng.internal.invokers.TestMethodWorker.run(TestMethodWorker.java:134)\n\tat java.base/java.util.ArrayList.forEach(ArrayList.java:1597)\n\tat org.testng.TestRunner.privateRun(TestRunner.java:739)\n\tat org.testng.TestRunner.run(TestRunner.java:614)\n\tat org.testng.SuiteRunner.runTest(SuiteRunner.java:421)\n\tat org.testng.SuiteRunner.runSequentially(SuiteRunner.java:413)\n\tat org.testng.SuiteRunner.privateRun(SuiteRunner.java:373)\n\tat org.testng.SuiteRunner.run(SuiteRunner.java:312)\n\tat org.testng.SuiteRunnerWorker.runSuite(SuiteRunnerWorker.java:52)\n\tat org.testng.SuiteRunnerWorker.run(SuiteRunnerWorker.java:95)\n\tat org.testng.TestNG.runSuitesSequentially(TestNG.java:1274)\n\tat org.testng.TestNG.runSuitesLocally(TestNG.java:1208)\n\tat org.testng.TestNG.runSuites(TestNG.java:1112)\n\tat org.testng.TestNG.run(TestNG.java:1079)\n\tat com.intellij.rt.testng.IDEARemoteTestNG.run(IDEARemoteTestNG.java:65)\n\tat com.intellij.rt.testng.RemoteTestNGStarter.main(RemoteTestNGStarter.java:105)\nCaused by: org.openqa.selenium.WebDriverException: Command failed with code: 65, executed: [--browser, firefox, --language-binding, java, --output, json]\nerror sending request for url (https://github.com/mozilla/geckodriver/releases/download/v0.35.0/geckodriver-v0.35.0-macos-aarch64.tar.gz)\nBuild info: version: '4.27.0', revision: 'd6e718d134'\nSystem info: os.name: 'Mac OS X', os.arch: 'aarch64', os.version: '15.2', java.version: '23.0.1'\nDriver info: driver.version: FirefoxDriver\n\tat org.openqa.selenium.manager.SeleniumManager.runCommand(SeleniumManager.java:170)\n\tat org.openqa.selenium.manager.SeleniumManager.getBinaryPaths(SeleniumManager.java:251)\n\tat org.openqa.selenium.remote.service.DriverFinder.getBinaryPaths(DriverFinder.java:102)\n\t... 32 more\n"},"stage":"finished","steps":[],"attachments":[],"parameters":[],"start":1735052326405,"stop":1735052358376}